<?xml version="1.0" encoding="UTF-8"?>
<!-- Generated by org.testng.reporters.JUnitReportReporter -->
<testsuite skipped="0" hostname="DESKTOP-MOLIPP9" name="testSets.AmazonCart_Test" tests="1" failures="0" timestamp="2020-07-16T22:43:21 EDT" time="59.654" errors="0">
  <testcase name="testAmazonCart" time="59.654" classname="testSets.AmazonCart_Test"/>
</testsuite> <!-- testSets.AmazonCart_Test -->
