<?xml version="1.0" encoding="UTF-8"?>
<!-- Generated by org.testng.reporters.JUnitReportReporter -->
<testsuite skipped="1" hostname="MDs-MacBook-Air.fios-router.home" name="testSets.Demo2" tests="2" failures="0" timestamp="2020-07-14T21:35:52 EDT" time="14.055" errors="0">
  <testcase name="AmazonSearch" time="14.055" classname="testSets.Demo2"/>
  <testcase name="DemoTest1" classname="testSets.Demo2">
    <skipped/>
  </testcase> <!-- DemoTest1 -->
</testsuite> <!-- testSets.Demo2 -->
