<?xml version="1.0" encoding="UTF-8"?>
<!-- Generated by org.testng.reporters.JUnitReportReporter -->
<testsuite skipped="2" hostname="MDs-MacBook-Air.fios-router.home" name="testSets.Demo3" tests="4" failures="0" timestamp="2020-07-14T21:33:12 EDT" time="20.276" errors="0">
  <testcase name="AZlogin" time="14.665" classname="testSets.Demo3"/>
  <testcase name="AmazonTittle" time="5.611" classname="testSets.Demo3"/>
  <testcase name="AzLogOut" classname="testSets.Demo3">
    <skipped/>
  </testcase> <!-- AzLogOut -->
  <testcase name="AMAZONsignUp" classname="testSets.Demo3">
    <skipped/>
  </testcase> <!-- AMAZONsignUp -->
</testsuite> <!-- testSets.Demo3 -->
