<?xml version="1.0" encoding="UTF-8"?>
<!-- Generated by org.testng.reporters.JUnitReportReporter -->
<testsuite skipped="1" hostname="DESKTOP-MOLIPP9" name="testSets.AZsearch_Test" tests="2" failures="0" timestamp="2020-07-16T21:39:31 EDT" time="33.026" errors="0">
  <testcase name="AmazonSearch" time="33.026" classname="testSets.AZsearch_Test"/>
  <testcase name="DemoTest1" classname="testSets.AZsearch_Test">
    <skipped/>
  </testcase> <!-- DemoTest1 -->
</testsuite> <!-- testSets.AZsearch_Test -->
